<?xml version="1.0" encoding="UTF-8"?>
<!-- Generated by org.testng.reporters.JUnitReportReporter -->
<testsuite hostname="DESKTOP-A15KATA" name="flipkartDataVerification.FlipkartDataVerification" tests="4" failures="0" timestamp="27 Apr 2019 18:43:08 GMT" time="15.585" errors="0">
  <testcase name="searchIDOnePlus6T" time="1.515" classname="flipkartDataVerification.FlipkartDataVerification"/>
  <testcase name="Login" time="5.857" classname="flipkartDataVerification.FlipkartDataVerification"/>
  <testcase name="searchIDIPhoneX" time="3.675" classname="flipkartDataVerification.FlipkartDataVerification"/>
  <testcase name="searchIDIPadPro" time="4.538" classname="flipkartDataVerification.FlipkartDataVerification"/>
</testsuite> <!-- flipkartDataVerification.FlipkartDataVerification -->
